<?xml version="1.0" encoding="UTF-8"?>
<!-- Generated by org.testng.reporters.JUnitXMLReporter -->
<testsuite hostname="WP8" name="Registration Test1" tests="1" failures="0" timestamp="3 May 2015 10:09:46 GMT" time="12.581" errors="0">
  <testcase name="@BeforeMethod setUp" time="0.0" classname="com.scrolltest.testng.MainClass">
    <failure type="java.lang.IllegalMonitorStateException">
      <![CDATA[java.lang.IllegalMonitorStateException
	at java.lang.Object.wait(Native Method)
	at com.scrolltest.testng.BaseClass.setUp(BaseClass.java:16)
... Removed 26 stack frames]]>
    </failure>
  </testcase> <!-- @BeforeMethod setUp -->
  <testcase name="@AfterMethod tearDown" time="0.0" classname="com.scrolltest.testng.MainClass">
    <skipped/>
  </testcase> <!-- @AfterMethod tearDown -->
  <testcase name="testRegisterationInDemoAUT" time="0.001" classname="com.scrolltest.testng.MainClass">
    <skipped/>
  </testcase> <!-- testRegisterationInDemoAUT -->
</testsuite> <!-- Registration Test1 -->
