<?xml version="1.0" encoding="UTF-8"?>
<testng-results skipped="0" failed="0" total="1" passed="1">
  <reporter-output>
  </reporter-output>
  <suite name="Default suite" duration-ms="50638" started-at="2015-05-03T10:57:53Z" finished-at="2015-05-03T10:58:44Z">
    <groups>
    </groups>
    <test name="Default test" duration-ms="50638" started-at="2015-05-03T10:57:53Z" finished-at="2015-05-03T10:58:44Z">
      <class name="com.scrolltest.testng.MainClass">
        <test-method status="PASS" signature="setUp()[pri:0, instance:com.scrolltest.testng.MainClass@2d6a9952]" name="setUp" is-config="true" duration-ms="41942" started-at="2015-05-03T16:27:53Z" finished-at="2015-05-03T16:28:35Z">
          <reporter-output>
          </reporter-output>
        </test-method> <!-- setUp -->
        <test-method status="PASS" signature="testRegisterationInDemoAUT()[pri:0, instance:com.scrolltest.testng.MainClass@2d6a9952]" name="testRegisterationInDemoAUT" duration-ms="8284" started-at="2015-05-03T16:28:35Z" finished-at="2015-05-03T16:28:43Z">
          <reporter-output>
          </reporter-output>
        </test-method> <!-- testRegisterationInDemoAUT -->
        <test-method status="PASS" signature="tearDown()[pri:0, instance:com.scrolltest.testng.MainClass@2d6a9952]" name="tearDown" is-config="true" duration-ms="400" started-at="2015-05-03T16:28:43Z" finished-at="2015-05-03T16:28:44Z">
          <reporter-output>
          </reporter-output>
        </test-method> <!-- tearDown -->
      </class> <!-- com.scrolltest.testng.MainClass -->
    </test> <!-- Default test -->
  </suite> <!-- Default suite -->
</testng-results>
