<?xml version="1.0" encoding="UTF-8"?>
<testng-results skipped="0" failed="0" total="1" passed="1">
  <reporter-output>
  </reporter-output>
  <suite name="Default suite" duration-ms="117956" started-at="2015-05-03T10:12:27Z" finished-at="2015-05-03T10:14:25Z">
    <groups>
    </groups>
    <test name="Default test" duration-ms="117956" started-at="2015-05-03T10:12:27Z" finished-at="2015-05-03T10:14:25Z">
      <class name="com.scrolltest.testng.MainClass">
        <test-method status="PASS" signature="setUp()[pri:0, instance:com.scrolltest.testng.MainClass@47d384ee]" name="setUp" is-config="true" duration-ms="99678" started-at="2015-05-03T15:42:28Z" finished-at="2015-05-03T15:44:07Z">
          <reporter-output>
          </reporter-output>
        </test-method> <!-- setUp -->
        <test-method status="PASS" signature="testRegisterationInDemoAUT()[pri:0, instance:com.scrolltest.testng.MainClass@47d384ee]" name="testRegisterationInDemoAUT" duration-ms="18215" started-at="2015-05-03T15:44:07Z" finished-at="2015-05-03T15:44:25Z">
          <reporter-output>
          </reporter-output>
        </test-method> <!-- testRegisterationInDemoAUT -->
        <test-method status="PASS" signature="tearDown()[pri:0, instance:com.scrolltest.testng.MainClass@47d384ee]" name="tearDown" is-config="true" duration-ms="53" started-at="2015-05-03T15:44:25Z" finished-at="2015-05-03T15:44:25Z">
          <reporter-output>
          </reporter-output>
        </test-method> <!-- tearDown -->
      </class> <!-- com.scrolltest.testng.MainClass -->
    </test> <!-- Default test -->
  </suite> <!-- Default suite -->
</testng-results>
